2021-06-17 11:13:14,834 INFO o.a.j.u.JMeterUtils: Setting Locale to en_EN
2021-06-17 11:13:14,859 INFO o.a.j.JMeter: Loading user properties from: /usr/local/Cellar/jmeter/5.4.1/libexec/bin/user.properties
2021-06-17 11:13:14,860 INFO o.a.j.JMeter: Loading system properties from: /usr/local/Cellar/jmeter/5.4.1/libexec/bin/system.properties
2021-06-17 11:13:14,865 INFO o.a.j.JMeter: Copyright (c) 1998-2021 The Apache Software Foundation
2021-06-17 11:13:14,865 INFO o.a.j.JMeter: Version 5.4.1
2021-06-17 11:13:14,865 INFO o.a.j.JMeter: java.version=16.0.1
2021-06-17 11:13:14,865 INFO o.a.j.JMeter: java.vm.name=OpenJDK 64-Bit Server VM
2021-06-17 11:13:14,865 INFO o.a.j.JMeter: os.name=Mac OS X
2021-06-17 11:13:14,865 INFO o.a.j.JMeter: os.arch=x86_64
2021-06-17 11:13:14,865 INFO o.a.j.JMeter: os.version=10.15.7
2021-06-17 11:13:14,865 INFO o.a.j.JMeter: file.encoding=UTF-8
2021-06-17 11:13:14,866 INFO o.a.j.JMeter: java.awt.headless=null
2021-06-17 11:13:14,866 INFO o.a.j.JMeter: Max memory     =1073741824
2021-06-17 11:13:14,866 INFO o.a.j.JMeter: Available Processors =12
2021-06-17 11:13:14,873 INFO o.a.j.JMeter: Default Locale=English (EN)
2021-06-17 11:13:14,873 INFO o.a.j.JMeter: JMeter  Locale=English (EN)
2021-06-17 11:13:14,873 INFO o.a.j.JMeter: JMeterHome=/usr/local/Cellar/jmeter/5.4.1/libexec
2021-06-17 11:13:14,873 INFO o.a.j.JMeter: user.dir  =/Users/pilprasa/Downloads/signuplogin
2021-06-17 11:13:14,873 INFO o.a.j.JMeter: PWD       =/Users/pilprasa/Downloads/signuplogin
2021-06-17 11:13:14,875 INFO o.a.j.JMeter: IP: 127.0.0.1 Name: Pilllems-MacBook-Pro.local FullName: localhost
2021-06-17 11:13:18,577 INFO o.a.j.JMeter: Setting LAF to: com.github.weisj.darklaf.DarkLaf:com.github.weisj.darklaf.theme.DarculaTheme
2021-06-17 11:13:19,954 INFO o.a.j.JMeter: Loaded icon properties from org/apache/jmeter/images/icon.properties
2021-06-17 11:13:21,124 INFO o.j.r.JARSourceHTTP: Requesting https://jmeter-plugins.org/repo/?installID=mac_os_x-dd5b1fa7436b151ea0ac8ecaf8afaaff-gui
2021-06-17 11:13:36,276 INFO o.j.r.PluginManager: Plugins Status: [jpgc-plugins-manager=1.6, jmeter-core=5.4.1, jmeter-ftp=5.4.1, jmeter-http=5.4.1, jmeter-jdbc=5.4.1, jmeter-jms=5.4.1, jmeter-junit=5.4.1, jmeter-java=5.4.1, jmeter-ldap=5.4.1, jmeter-mail=5.4.1, jmeter-mongodb=5.4.1, jmeter-native=5.4.1, jmeter-tcp=5.4.1, jmeter-components=5.4.1]
2021-06-17 11:13:37,285 WARN o.j.r.h.StatsReporter: Failed to send repo stats
org.apache.http.conn.ConnectTimeoutException: Connect to jmeter-plugins.org:443 timed out
	at org.apache.http.conn.ssl.SSLSocketFactory.connectSocket(SSLSocketFactory.java:545) ~[httpclient-4.5.12.jar:4.5.12]
	at org.apache.http.conn.ssl.SSLSocketFactory.connectSocket(SSLSocketFactory.java:415) ~[httpclient-4.5.12.jar:4.5.12]
	at org.apache.http.impl.conn.DefaultClientConnectionOperator.openConnection(DefaultClientConnectionOperator.java:180) ~[httpclient-4.5.12.jar:4.5.12]
	at org.apache.http.impl.conn.ManagedClientConnectionImpl.open(ManagedClientConnectionImpl.java:326) ~[httpclient-4.5.12.jar:4.5.12]
	at org.apache.http.impl.client.DefaultRequestDirector.tryConnect(DefaultRequestDirector.java:605) ~[httpclient-4.5.12.jar:4.5.12]
	at org.apache.http.impl.client.DefaultRequestDirector.execute(DefaultRequestDirector.java:440) ~[httpclient-4.5.12.jar:4.5.12]
	at org.apache.http.impl.client.AbstractHttpClient.doExecute(AbstractHttpClient.java:835) ~[httpclient-4.5.12.jar:4.5.12]
	at org.apache.http.impl.client.CloseableHttpClient.execute(CloseableHttpClient.java:83) ~[httpclient-4.5.12.jar:4.5.12]
	at org.apache.http.impl.client.CloseableHttpClient.execute(CloseableHttpClient.java:56) ~[httpclient-4.5.12.jar:4.5.12]
	at org.jmeterplugins.repository.JARSourceHTTP.execute(JARSourceHTTP.java:499) ~[jmeter-plugins-manager-1.6.jar:?]
	at org.jmeterplugins.repository.JARSourceHTTP.execute(JARSourceHTTP.java:494) ~[jmeter-plugins-manager-1.6.jar:?]
	at org.jmeterplugins.repository.JARSourceHTTP.reportStats(JARSourceHTTP.java:451) ~[jmeter-plugins-manager-1.6.jar:?]
	at org.jmeterplugins.repository.http.StatsReporter.run(StatsReporter.java:24) [jmeter-plugins-manager-1.6.jar:?]
2021-06-17 11:13:41,869 INFO o.a.j.s.FileServer: Default base='/Users/pilprasa/Downloads/signuplogin'
2021-06-17 11:33:17,590 INFO o.a.j.p.h.s.HTTPSamplerBase: Parser for text/html is org.apache.jmeter.protocol.http.parser.LagartoBasedHtmlParser
2021-06-17 11:33:17,591 INFO o.a.j.p.h.s.HTTPSamplerBase: Parser for application/xhtml+xml is org.apache.jmeter.protocol.http.parser.LagartoBasedHtmlParser
2021-06-17 11:33:17,591 INFO o.a.j.p.h.s.HTTPSamplerBase: Parser for application/xml is org.apache.jmeter.protocol.http.parser.LagartoBasedHtmlParser
2021-06-17 11:33:17,591 INFO o.a.j.p.h.s.HTTPSamplerBase: Parser for text/xml is org.apache.jmeter.protocol.http.parser.LagartoBasedHtmlParser
2021-06-17 11:33:17,591 INFO o.a.j.p.h.s.HTTPSamplerBase: Parser for text/vnd.wap.wml is org.apache.jmeter.protocol.http.parser.RegexpHTMLParser
2021-06-17 11:33:17,591 INFO o.a.j.p.h.s.HTTPSamplerBase: Parser for text/css is org.apache.jmeter.protocol.http.parser.CssParser
2021-06-17 11:33:44,389 ERROR o.a.j.JMeter: Uncaught exception in thread Thread[AWT-EventQueue-0,6,main]
java.lang.IllegalAccessError: class com.github.weisj.darklaf.ui.filechooser.DarkFilePaneUIBridge$DetailsTableModel (in unnamed module @0x157632c9) cannot access class sun.awt.shell.ShellFolder (in module java.desktop) because module java.desktop does not export sun.awt.shell to unnamed module @0x157632c9
	at com.github.weisj.darklaf.ui.filechooser.DarkFilePaneUIBridge$DetailsTableModel.updateColumnInfo(DarkFilePaneUIBridge.java:1128) ~[darklaf-core-2.5.4.jar:2.5.4]
	at com.github.weisj.darklaf.ui.filechooser.DarkFilePaneUIBridge$DetailsTableModel.<init>(DarkFilePaneUIBridge.java:1115) ~[darklaf-core-2.5.4.jar:2.5.4]
	at com.github.weisj.darklaf.ui.filechooser.DarkFilePaneUIBridge.getDetailsTableModel(DarkFilePaneUIBridge.java:576) ~[darklaf-core-2.5.4.jar:2.5.4]
	at com.github.weisj.darklaf.ui.filechooser.DarkFilePaneUIBridge$SortableListModel.<init>(DarkFilePaneUIBridge.java:1079) ~[darklaf-core-2.5.4.jar:2.5.4]
	at com.github.weisj.darklaf.ui.filechooser.DarkFilePane.createList(DarkFilePane.java:137) ~[darklaf-core-2.5.4.jar:2.5.4]
	at com.github.weisj.darklaf.ui.filechooser.DarkFileChooserUIBridge.createList(DarkFileChooserUIBridge.java:585) ~[darklaf-core-2.5.4.jar:2.5.4]
	at com.github.weisj.darklaf.ui.filechooser.DarkFileChooserUIBridge$MetalFileChooserUIAccessor.createList(DarkFileChooserUIBridge.java:750) ~[darklaf-core-2.5.4.jar:2.5.4]
	at com.github.weisj.darklaf.ui.filechooser.DarkFilePaneUIBridge.setViewType(DarkFilePaneUIBridge.java:376) ~[darklaf-core-2.5.4.jar:2.5.4]
	at com.github.weisj.darklaf.ui.filechooser.DarkFilePaneUIBridge.propertyChange(DarkFilePaneUIBridge.java:890) ~[darklaf-core-2.5.4.jar:2.5.4]
	at java.beans.PropertyChangeSupport.fire(PropertyChangeSupport.java:342) ~[?:?]
	at java.beans.PropertyChangeSupport.firePropertyChange(PropertyChangeSupport.java:334) ~[?:?]
	at java.beans.PropertyChangeSupport.firePropertyChange(PropertyChangeSupport.java:267) ~[?:?]
	at java.awt.Component.firePropertyChange(Component.java:8713) ~[?:?]
	at javax.swing.JComponent.setUI(JComponent.java:688) ~[?:?]
	at javax.swing.JFileChooser.updateUI(JFileChooser.java:1838) ~[?:?]
	at javax.swing.JFileChooser.setup(JFileChooser.java:395) ~[?:?]
	at javax.swing.JFileChooser.<init>(JFileChooser.java:361) ~[?:?]
	at javax.swing.JFileChooser.<init>(JFileChooser.java:308) ~[?:?]
	at org.apache.jmeter.gui.util.FileDialoger.<clinit>(FileDialoger.java:42) ~[ApacheJMeter_core.jar:5.4.1]
	at org.apache.jmeter.gui.action.Save.computeFileName(Save.java:201) ~[ApacheJMeter_core.jar:5.4.1]
	at org.apache.jmeter.gui.action.Save.doAction(Save.java:163) ~[ApacheJMeter_core.jar:5.4.1]
	at org.apache.jmeter.gui.action.ActionRouter.performAction(ActionRouter.java:87) ~[ApacheJMeter_core.jar:5.4.1]
	at org.apache.jmeter.gui.action.ActionRouter.doActionNow(ActionRouter.java:124) ~[ApacheJMeter_core.jar:5.4.1]
	at org.apache.jmeter.gui.action.AbstractAction.popupShouldSave(AbstractAction.java:76) ~[ApacheJMeter_core.jar:5.4.1]
	at org.apache.jmeter.gui.action.Start.doAction(Start.java:111) ~[ApacheJMeter_core.jar:5.4.1]
	at org.apache.jmeter.gui.action.ActionRouter.performAction(ActionRouter.java:87) ~[ApacheJMeter_core.jar:5.4.1]
	at org.apache.jmeter.gui.action.ActionRouter.lambda$actionPerformed$0(ActionRouter.java:69) ~[ApacheJMeter_core.jar:5.4.1]
	at java.awt.event.InvocationEvent.dispatch(InvocationEvent.java:316) ~[?:?]
	at java.awt.EventQueue.dispatchEventImpl(EventQueue.java:770) ~[?:?]
	at java.awt.EventQueue$4.run(EventQueue.java:721) ~[?:?]
	at java.awt.EventQueue$4.run(EventQueue.java:715) ~[?:?]
	at java.security.AccessController.doPrivileged(AccessController.java:391) ~[?:?]
	at java.security.ProtectionDomain$JavaSecurityAccessImpl.doIntersectionPrivilege(ProtectionDomain.java:85) ~[?:?]
	at java.awt.EventQueue.dispatchEvent(EventQueue.java:740) ~[?:?]
	at java.awt.EventDispatchThread.pumpOneEventForFilters(EventDispatchThread.java:203) [?:?]
	at java.awt.EventDispatchThread.pumpEventsForFilter(EventDispatchThread.java:124) [?:?]
	at java.awt.EventDispatchThread.pumpEventsForHierarchy(EventDispatchThread.java:113) [?:?]
	at java.awt.EventDispatchThread.pumpEvents(EventDispatchThread.java:109) [?:?]
	at java.awt.EventDispatchThread.pumpEvents(EventDispatchThread.java:101) [?:?]
	at java.awt.EventDispatchThread.run(EventDispatchThread.java:90) [?:?]
2021-06-17 11:33:58,590 ERROR o.a.j.JMeter: Uncaught exception in thread Thread[AWT-EventQueue-0,6,main]
java.lang.NoClassDefFoundError: Could not initialize class org.apache.jmeter.gui.util.FileDialoger
	at org.apache.jmeter.gui.action.Save.computeFileName(Save.java:201) ~[ApacheJMeter_core.jar:5.4.1]
	at org.apache.jmeter.gui.action.Save.doAction(Save.java:163) ~[ApacheJMeter_core.jar:5.4.1]
	at org.apache.jmeter.gui.action.ActionRouter.performAction(ActionRouter.java:87) ~[ApacheJMeter_core.jar:5.4.1]
	at org.apache.jmeter.gui.action.ActionRouter.doActionNow(ActionRouter.java:124) ~[ApacheJMeter_core.jar:5.4.1]
	at org.apache.jmeter.gui.action.AbstractAction.popupShouldSave(AbstractAction.java:76) ~[ApacheJMeter_core.jar:5.4.1]
	at org.apache.jmeter.gui.action.Start.doAction(Start.java:111) ~[ApacheJMeter_core.jar:5.4.1]
	at org.apache.jmeter.gui.action.ActionRouter.performAction(ActionRouter.java:87) ~[ApacheJMeter_core.jar:5.4.1]
	at org.apache.jmeter.gui.action.ActionRouter.lambda$actionPerformed$0(ActionRouter.java:69) ~[ApacheJMeter_core.jar:5.4.1]
	at java.awt.event.InvocationEvent.dispatch(InvocationEvent.java:316) ~[?:?]
	at java.awt.EventQueue.dispatchEventImpl(EventQueue.java:770) ~[?:?]
	at java.awt.EventQueue$4.run(EventQueue.java:721) ~[?:?]
	at java.awt.EventQueue$4.run(EventQueue.java:715) ~[?:?]
	at java.security.AccessController.doPrivileged(AccessController.java:391) ~[?:?]
	at java.security.ProtectionDomain$JavaSecurityAccessImpl.doIntersectionPrivilege(ProtectionDomain.java:85) ~[?:?]
	at java.awt.EventQueue.dispatchEvent(EventQueue.java:740) ~[?:?]
	at java.awt.EventDispatchThread.pumpOneEventForFilters(EventDispatchThread.java:203) [?:?]
	at java.awt.EventDispatchThread.pumpEventsForFilter(EventDispatchThread.java:124) [?:?]
	at java.awt.EventDispatchThread.pumpEventsForHierarchy(EventDispatchThread.java:113) [?:?]
	at java.awt.EventDispatchThread.pumpEvents(EventDispatchThread.java:109) [?:?]
	at java.awt.EventDispatchThread.pumpEvents(EventDispatchThread.java:101) [?:?]
	at java.awt.EventDispatchThread.run(EventDispatchThread.java:90) [?:?]
2021-06-17 11:34:59,438 ERROR o.a.j.JMeter: Uncaught exception in thread Thread[AWT-EventQueue-0,6,main]
java.lang.NoClassDefFoundError: Could not initialize class org.apache.jmeter.gui.util.FileDialoger
	at org.apache.jmeter.gui.action.Save.computeFileName(Save.java:201) ~[ApacheJMeter_core.jar:5.4.1]
	at org.apache.jmeter.gui.action.Save.doAction(Save.java:163) ~[ApacheJMeter_core.jar:5.4.1]
	at org.apache.jmeter.gui.action.ActionRouter.performAction(ActionRouter.java:87) ~[ApacheJMeter_core.jar:5.4.1]
	at org.apache.jmeter.gui.action.ActionRouter.lambda$actionPerformed$0(ActionRouter.java:69) ~[ApacheJMeter_core.jar:5.4.1]
	at java.awt.event.InvocationEvent.dispatch(InvocationEvent.java:316) ~[?:?]
	at java.awt.EventQueue.dispatchEventImpl(EventQueue.java:770) ~[?:?]
	at java.awt.EventQueue$4.run(EventQueue.java:721) ~[?:?]
	at java.awt.EventQueue$4.run(EventQueue.java:715) ~[?:?]
	at java.security.AccessController.doPrivileged(AccessController.java:391) ~[?:?]
	at java.security.ProtectionDomain$JavaSecurityAccessImpl.doIntersectionPrivilege(ProtectionDomain.java:85) ~[?:?]
	at java.awt.EventQueue.dispatchEvent(EventQueue.java:740) ~[?:?]
	at java.awt.EventDispatchThread.pumpOneEventForFilters(EventDispatchThread.java:203) [?:?]
	at java.awt.EventDispatchThread.pumpEventsForFilter(EventDispatchThread.java:124) [?:?]
	at java.awt.EventDispatchThread.pumpEventsForHierarchy(EventDispatchThread.java:113) [?:?]
	at java.awt.EventDispatchThread.pumpEvents(EventDispatchThread.java:109) [?:?]
	at java.awt.EventDispatchThread.pumpEvents(EventDispatchThread.java:101) [?:?]
	at java.awt.EventDispatchThread.run(EventDispatchThread.java:90) [?:?]
2021-06-17 11:35:00,534 ERROR o.a.j.JMeter: Uncaught exception in thread Thread[AWT-EventQueue-0,6,main]
java.lang.NoClassDefFoundError: Could not initialize class org.apache.jmeter.gui.util.FileDialoger
	at org.apache.jmeter.gui.action.Save.computeFileName(Save.java:201) ~[ApacheJMeter_core.jar:5.4.1]
	at org.apache.jmeter.gui.action.Save.doAction(Save.java:163) ~[ApacheJMeter_core.jar:5.4.1]
	at org.apache.jmeter.gui.action.ActionRouter.performAction(ActionRouter.java:87) ~[ApacheJMeter_core.jar:5.4.1]
	at org.apache.jmeter.gui.action.ActionRouter.lambda$actionPerformed$0(ActionRouter.java:69) ~[ApacheJMeter_core.jar:5.4.1]
	at java.awt.event.InvocationEvent.dispatch(InvocationEvent.java:316) ~[?:?]
	at java.awt.EventQueue.dispatchEventImpl(EventQueue.java:770) ~[?:?]
	at java.awt.EventQueue$4.run(EventQueue.java:721) ~[?:?]
	at java.awt.EventQueue$4.run(EventQueue.java:715) ~[?:?]
	at java.security.AccessController.doPrivileged(AccessController.java:391) ~[?:?]
	at java.security.ProtectionDomain$JavaSecurityAccessImpl.doIntersectionPrivilege(ProtectionDomain.java:85) ~[?:?]
	at java.awt.EventQueue.dispatchEvent(EventQueue.java:740) ~[?:?]
	at java.awt.EventDispatchThread.pumpOneEventForFilters(EventDispatchThread.java:203) [?:?]
	at java.awt.EventDispatchThread.pumpEventsForFilter(EventDispatchThread.java:124) [?:?]
	at java.awt.EventDispatchThread.pumpEventsForHierarchy(EventDispatchThread.java:113) [?:?]
	at java.awt.EventDispatchThread.pumpEvents(EventDispatchThread.java:109) [?:?]
	at java.awt.EventDispatchThread.pumpEvents(EventDispatchThread.java:101) [?:?]
	at java.awt.EventDispatchThread.run(EventDispatchThread.java:90) [?:?]
2021-06-17 11:35:04,278 ERROR o.a.j.JMeter: Uncaught exception in thread Thread[AWT-EventQueue-0,6,main]
java.lang.NoClassDefFoundError: Could not initialize class org.apache.jmeter.gui.util.FileDialoger
	at org.apache.jmeter.gui.action.Save.computeFileName(Save.java:201) ~[ApacheJMeter_core.jar:5.4.1]
	at org.apache.jmeter.gui.action.Save.doAction(Save.java:163) ~[ApacheJMeter_core.jar:5.4.1]
	at org.apache.jmeter.gui.action.ActionRouter.performAction(ActionRouter.java:87) ~[ApacheJMeter_core.jar:5.4.1]
	at org.apache.jmeter.gui.action.ActionRouter.doActionNow(ActionRouter.java:124) ~[ApacheJMeter_core.jar:5.4.1]
	at org.apache.jmeter.gui.action.AbstractAction.popupShouldSave(AbstractAction.java:76) ~[ApacheJMeter_core.jar:5.4.1]
	at org.apache.jmeter.gui.action.Start.doAction(Start.java:111) ~[ApacheJMeter_core.jar:5.4.1]
	at org.apache.jmeter.gui.action.ActionRouter.performAction(ActionRouter.java:87) ~[ApacheJMeter_core.jar:5.4.1]
	at org.apache.jmeter.gui.action.ActionRouter.lambda$actionPerformed$0(ActionRouter.java:69) ~[ApacheJMeter_core.jar:5.4.1]
	at java.awt.event.InvocationEvent.dispatch(InvocationEvent.java:316) ~[?:?]
	at java.awt.EventQueue.dispatchEventImpl(EventQueue.java:770) ~[?:?]
	at java.awt.EventQueue$4.run(EventQueue.java:721) ~[?:?]
	at java.awt.EventQueue$4.run(EventQueue.java:715) ~[?:?]
	at java.security.AccessController.doPrivileged(AccessController.java:391) ~[?:?]
	at java.security.ProtectionDomain$JavaSecurityAccessImpl.doIntersectionPrivilege(ProtectionDomain.java:85) ~[?:?]
	at java.awt.EventQueue.dispatchEvent(EventQueue.java:740) ~[?:?]
	at java.awt.EventDispatchThread.pumpOneEventForFilters(EventDispatchThread.java:203) [?:?]
	at java.awt.EventDispatchThread.pumpEventsForFilter(EventDispatchThread.java:124) [?:?]
	at java.awt.EventDispatchThread.pumpEventsForHierarchy(EventDispatchThread.java:113) [?:?]
	at java.awt.EventDispatchThread.pumpEvents(EventDispatchThread.java:109) [?:?]
	at java.awt.EventDispatchThread.pumpEvents(EventDispatchThread.java:101) [?:?]
	at java.awt.EventDispatchThread.run(EventDispatchThread.java:90) [?:?]
2021-06-17 11:35:19,087 INFO o.a.j.e.StandardJMeterEngine: Running the test!
2021-06-17 11:35:19,088 INFO o.a.j.s.SampleEvent: List of sample_variables: []
2021-06-17 11:35:19,088 INFO o.a.j.s.SampleEvent: List of sample_variables: []
2021-06-17 11:35:19,089 INFO o.a.j.e.u.CompoundVariable: Note: Function class names must contain the string: '.functions.'
2021-06-17 11:35:19,089 INFO o.a.j.e.u.CompoundVariable: Note: Function class names must not contain the string: '.gui.'
2021-06-17 11:35:19,118 INFO o.a.j.g.u.JMeterMenuBar: setRunning(true, *local*)
2021-06-17 11:35:19,119 INFO o.a.j.e.StandardJMeterEngine: Starting setUp thread groups
2021-06-17 11:35:19,119 INFO o.a.j.e.StandardJMeterEngine: Starting setUp ThreadGroup: 1 : setUp Thread Group 
2021-06-17 11:35:19,119 INFO o.a.j.e.StandardJMeterEngine: Starting 10 threads for group setUp Thread Group.
2021-06-17 11:35:19,119 INFO o.a.j.e.StandardJMeterEngine: Thread will continue on error
2021-06-17 11:35:19,119 INFO o.a.j.t.ThreadGroup: Starting thread group... number=1 threads=10 ramp-up=1 delayedStart=false
2021-06-17 11:35:19,121 INFO o.a.j.t.JMeterThread: Thread started: setUp Thread Group 1-1
2021-06-17 11:35:19,123 INFO o.a.j.t.JMeterThread: Thread is done: setUp Thread Group 1-1
2021-06-17 11:35:19,123 INFO o.a.j.t.JMeterThread: Thread finished: setUp Thread Group 1-1
2021-06-17 11:35:19,123 INFO o.a.j.t.ThreadGroup: Started thread group number 1
2021-06-17 11:35:19,123 INFO o.a.j.e.StandardJMeterEngine: Waiting for all setup thread groups to exit
2021-06-17 11:35:19,220 INFO o.a.j.t.JMeterThread: Thread started: setUp Thread Group 1-2
2021-06-17 11:35:19,221 INFO o.a.j.t.JMeterThread: Thread is done: setUp Thread Group 1-2
2021-06-17 11:35:19,221 INFO o.a.j.t.JMeterThread: Thread finished: setUp Thread Group 1-2
2021-06-17 11:35:19,320 INFO o.a.j.t.JMeterThread: Thread started: setUp Thread Group 1-3
2021-06-17 11:35:19,321 INFO o.a.j.t.JMeterThread: Thread is done: setUp Thread Group 1-3
2021-06-17 11:35:19,321 INFO o.a.j.t.JMeterThread: Thread finished: setUp Thread Group 1-3
2021-06-17 11:35:19,419 INFO o.a.j.t.JMeterThread: Thread started: setUp Thread Group 1-4
2021-06-17 11:35:19,420 INFO o.a.j.t.JMeterThread: Thread is done: setUp Thread Group 1-4
2021-06-17 11:35:19,420 INFO o.a.j.t.JMeterThread: Thread finished: setUp Thread Group 1-4
2021-06-17 11:35:19,520 INFO o.a.j.t.JMeterThread: Thread started: setUp Thread Group 1-5
2021-06-17 11:35:19,521 INFO o.a.j.t.JMeterThread: Thread is done: setUp Thread Group 1-5
2021-06-17 11:35:19,521 INFO o.a.j.t.JMeterThread: Thread finished: setUp Thread Group 1-5
2021-06-17 11:35:19,623 INFO o.a.j.t.JMeterThread: Thread started: setUp Thread Group 1-6
2021-06-17 11:35:19,624 INFO o.a.j.t.JMeterThread: Thread is done: setUp Thread Group 1-6
2021-06-17 11:35:19,625 INFO o.a.j.t.JMeterThread: Thread finished: setUp Thread Group 1-6
2021-06-17 11:35:19,725 INFO o.a.j.t.JMeterThread: Thread started: setUp Thread Group 1-7
2021-06-17 11:35:19,726 INFO o.a.j.t.JMeterThread: Thread is done: setUp Thread Group 1-7
2021-06-17 11:35:19,726 INFO o.a.j.t.JMeterThread: Thread finished: setUp Thread Group 1-7
2021-06-17 11:35:19,820 INFO o.a.j.t.JMeterThread: Thread started: setUp Thread Group 1-8
2021-06-17 11:35:19,821 INFO o.a.j.t.JMeterThread: Thread is done: setUp Thread Group 1-8
2021-06-17 11:35:19,821 INFO o.a.j.t.JMeterThread: Thread finished: setUp Thread Group 1-8
2021-06-17 11:35:19,920 INFO o.a.j.t.JMeterThread: Thread started: setUp Thread Group 1-9
2021-06-17 11:35:19,921 INFO o.a.j.t.JMeterThread: Thread is done: setUp Thread Group 1-9
2021-06-17 11:35:19,921 INFO o.a.j.t.JMeterThread: Thread finished: setUp Thread Group 1-9
2021-06-17 11:35:20,020 INFO o.a.j.t.JMeterThread: Thread started: setUp Thread Group 1-10
2021-06-17 11:35:20,021 INFO o.a.j.t.JMeterThread: Thread is done: setUp Thread Group 1-10
2021-06-17 11:35:20,021 INFO o.a.j.t.JMeterThread: Thread finished: setUp Thread Group 1-10
2021-06-17 11:35:20,021 INFO o.a.j.e.StandardJMeterEngine: All Setup Threads have ended
2021-06-17 11:35:20,068 INFO o.a.j.e.StandardJMeterEngine: No enabled thread groups found
2021-06-17 11:35:20,068 INFO o.a.j.e.StandardJMeterEngine: Starting tearDown thread groups
2021-06-17 11:35:20,068 INFO o.a.j.e.StandardJMeterEngine: Starting tearDown ThreadGroup: 1 : tearDown Thread Group
2021-06-17 11:35:20,069 INFO o.a.j.e.StandardJMeterEngine: Starting 10 threads for group tearDown Thread Group.
2021-06-17 11:35:20,069 INFO o.a.j.e.StandardJMeterEngine: Thread will continue on error
2021-06-17 11:35:20,069 INFO o.a.j.t.ThreadGroup: Starting thread group... number=1 threads=10 ramp-up=1 delayedStart=false
2021-06-17 11:35:20,069 INFO o.a.j.t.JMeterThread: Thread started: tearDown Thread Group 1-1
2021-06-17 11:35:20,070 INFO o.a.j.t.JMeterThread: Thread is done: tearDown Thread Group 1-1
2021-06-17 11:35:20,070 INFO o.a.j.t.JMeterThread: Thread finished: tearDown Thread Group 1-1
2021-06-17 11:35:20,072 INFO o.a.j.t.ThreadGroup: Started thread group number 1
2021-06-17 11:35:20,175 INFO o.a.j.t.JMeterThread: Thread started: tearDown Thread Group 1-2
2021-06-17 11:35:20,176 INFO o.a.j.t.JMeterThread: Thread is done: tearDown Thread Group 1-2
2021-06-17 11:35:20,176 INFO o.a.j.t.JMeterThread: Thread finished: tearDown Thread Group 1-2
2021-06-17 11:35:20,273 INFO o.a.j.t.JMeterThread: Thread started: tearDown Thread Group 1-3
2021-06-17 11:35:20,274 INFO o.a.j.t.JMeterThread: Thread is done: tearDown Thread Group 1-3
2021-06-17 11:35:20,275 INFO o.a.j.t.JMeterThread: Thread finished: tearDown Thread Group 1-3
2021-06-17 11:35:20,370 INFO o.a.j.t.JMeterThread: Thread started: tearDown Thread Group 1-4
2021-06-17 11:35:20,371 INFO o.a.j.t.JMeterThread: Thread is done: tearDown Thread Group 1-4
2021-06-17 11:35:20,371 INFO o.a.j.t.JMeterThread: Thread finished: tearDown Thread Group 1-4
2021-06-17 11:35:20,473 INFO o.a.j.t.JMeterThread: Thread started: tearDown Thread Group 1-5
2021-06-17 11:35:20,474 INFO o.a.j.t.JMeterThread: Thread is done: tearDown Thread Group 1-5
2021-06-17 11:35:20,474 INFO o.a.j.t.JMeterThread: Thread finished: tearDown Thread Group 1-5
2021-06-17 11:35:20,575 INFO o.a.j.t.JMeterThread: Thread started: tearDown Thread Group 1-6
2021-06-17 11:35:20,576 INFO o.a.j.t.JMeterThread: Thread is done: tearDown Thread Group 1-6
2021-06-17 11:35:20,576 INFO o.a.j.t.JMeterThread: Thread finished: tearDown Thread Group 1-6
2021-06-17 11:35:20,670 INFO o.a.j.t.JMeterThread: Thread started: tearDown Thread Group 1-7
2021-06-17 11:35:20,670 INFO o.a.j.t.JMeterThread: Thread is done: tearDown Thread Group 1-7
2021-06-17 11:35:20,671 INFO o.a.j.t.JMeterThread: Thread finished: tearDown Thread Group 1-7
2021-06-17 11:35:20,769 INFO o.a.j.t.JMeterThread: Thread started: tearDown Thread Group 1-8
2021-06-17 11:35:20,770 INFO o.a.j.t.JMeterThread: Thread is done: tearDown Thread Group 1-8
2021-06-17 11:35:20,770 INFO o.a.j.t.JMeterThread: Thread finished: tearDown Thread Group 1-8
2021-06-17 11:35:20,870 INFO o.a.j.t.JMeterThread: Thread started: tearDown Thread Group 1-9
2021-06-17 11:35:20,870 INFO o.a.j.t.JMeterThread: Thread is done: tearDown Thread Group 1-9
2021-06-17 11:35:20,870 INFO o.a.j.t.JMeterThread: Thread finished: tearDown Thread Group 1-9
2021-06-17 11:35:20,973 INFO o.a.j.t.JMeterThread: Thread started: tearDown Thread Group 1-10
2021-06-17 11:35:20,974 INFO o.a.j.t.JMeterThread: Thread is done: tearDown Thread Group 1-10
2021-06-17 11:35:20,974 INFO o.a.j.t.JMeterThread: Thread finished: tearDown Thread Group 1-10
2021-06-17 11:35:20,974 INFO o.a.j.e.StandardJMeterEngine: Notifying test listeners of end of test
2021-06-17 11:35:20,974 INFO o.a.j.g.u.JMeterMenuBar: setRunning(false, *local*)
2021-06-17 11:36:35,610 INFO o.a.j.e.StandardJMeterEngine: Running the test!
2021-06-17 11:36:35,610 INFO o.a.j.s.SampleEvent: List of sample_variables: []
2021-06-17 11:36:35,611 INFO o.a.j.g.u.JMeterMenuBar: setRunning(true, *local*)
2021-06-17 11:36:35,611 INFO o.a.j.e.StandardJMeterEngine: Starting setUp thread groups
2021-06-17 11:36:35,611 INFO o.a.j.e.StandardJMeterEngine: Starting setUp ThreadGroup: 1 : setUp Thread Group 
2021-06-17 11:36:35,611 INFO o.a.j.e.StandardJMeterEngine: Starting 10 threads for group setUp Thread Group.
2021-06-17 11:36:35,611 INFO o.a.j.e.StandardJMeterEngine: Thread will continue on error
2021-06-17 11:36:35,611 INFO o.a.j.t.ThreadGroup: Starting thread group... number=1 threads=10 ramp-up=1 delayedStart=false
2021-06-17 11:36:35,612 INFO o.a.j.t.JMeterThread: Thread started: setUp Thread Group 1-1
2021-06-17 11:36:35,612 INFO o.a.j.t.JMeterThread: Thread is done: setUp Thread Group 1-1
2021-06-17 11:36:35,612 INFO o.a.j.t.JMeterThread: Thread finished: setUp Thread Group 1-1
2021-06-17 11:36:35,614 INFO o.a.j.t.ThreadGroup: Started thread group number 1
2021-06-17 11:36:35,614 INFO o.a.j.e.StandardJMeterEngine: Waiting for all setup thread groups to exit
2021-06-17 11:36:35,714 INFO o.a.j.t.JMeterThread: Thread started: setUp Thread Group 1-2
2021-06-17 11:36:35,715 INFO o.a.j.t.JMeterThread: Thread is done: setUp Thread Group 1-2
2021-06-17 11:36:35,715 INFO o.a.j.t.JMeterThread: Thread finished: setUp Thread Group 1-2
2021-06-17 11:36:35,814 INFO o.a.j.t.JMeterThread: Thread started: setUp Thread Group 1-3
2021-06-17 11:36:35,815 INFO o.a.j.t.JMeterThread: Thread is done: setUp Thread Group 1-3
2021-06-17 11:36:35,815 INFO o.a.j.t.JMeterThread: Thread finished: setUp Thread Group 1-3
2021-06-17 11:36:35,916 INFO o.a.j.t.JMeterThread: Thread started: setUp Thread Group 1-4
2021-06-17 11:36:35,916 INFO o.a.j.t.JMeterThread: Thread is done: setUp Thread Group 1-4
2021-06-17 11:36:35,917 INFO o.a.j.t.JMeterThread: Thread finished: setUp Thread Group 1-4
2021-06-17 11:36:36,017 INFO o.a.j.t.JMeterThread: Thread started: setUp Thread Group 1-5
2021-06-17 11:36:36,018 INFO o.a.j.t.JMeterThread: Thread is done: setUp Thread Group 1-5
2021-06-17 11:36:36,018 INFO o.a.j.t.JMeterThread: Thread finished: setUp Thread Group 1-5
2021-06-17 11:36:36,115 INFO o.a.j.t.JMeterThread: Thread started: setUp Thread Group 1-6
2021-06-17 11:36:36,115 INFO o.a.j.t.JMeterThread: Thread is done: setUp Thread Group 1-6
2021-06-17 11:36:36,115 INFO o.a.j.t.JMeterThread: Thread finished: setUp Thread Group 1-6
2021-06-17 11:36:36,213 INFO o.a.j.t.JMeterThread: Thread started: setUp Thread Group 1-7
2021-06-17 11:36:36,214 INFO o.a.j.t.JMeterThread: Thread is done: setUp Thread Group 1-7
2021-06-17 11:36:36,214 INFO o.a.j.t.JMeterThread: Thread finished: setUp Thread Group 1-7
2021-06-17 11:36:36,316 INFO o.a.j.t.JMeterThread: Thread started: setUp Thread Group 1-8
2021-06-17 11:36:36,316 INFO o.a.j.t.JMeterThread: Thread is done: setUp Thread Group 1-8
2021-06-17 11:36:36,317 INFO o.a.j.t.JMeterThread: Thread finished: setUp Thread Group 1-8
2021-06-17 11:36:36,415 INFO o.a.j.t.JMeterThread: Thread started: setUp Thread Group 1-9
2021-06-17 11:36:36,416 INFO o.a.j.t.JMeterThread: Thread is done: setUp Thread Group 1-9
2021-06-17 11:36:36,416 INFO o.a.j.t.JMeterThread: Thread finished: setUp Thread Group 1-9
2021-06-17 11:36:36,514 INFO o.a.j.t.JMeterThread: Thread started: setUp Thread Group 1-10
2021-06-17 11:36:36,515 INFO o.a.j.t.JMeterThread: Thread is done: setUp Thread Group 1-10
2021-06-17 11:36:36,515 INFO o.a.j.t.JMeterThread: Thread finished: setUp Thread Group 1-10
2021-06-17 11:36:36,515 INFO o.a.j.e.StandardJMeterEngine: All Setup Threads have ended
2021-06-17 11:36:36,544 INFO o.a.j.e.StandardJMeterEngine: No enabled thread groups found
2021-06-17 11:36:36,545 INFO o.a.j.e.StandardJMeterEngine: Starting tearDown thread groups
2021-06-17 11:36:36,545 INFO o.a.j.e.StandardJMeterEngine: Starting tearDown ThreadGroup: 1 : tearDown Thread Group
2021-06-17 11:36:36,545 INFO o.a.j.e.StandardJMeterEngine: Starting 10 threads for group tearDown Thread Group.
2021-06-17 11:36:36,545 INFO o.a.j.e.StandardJMeterEngine: Thread will continue on error
2021-06-17 11:36:36,545 INFO o.a.j.t.ThreadGroup: Starting thread group... number=1 threads=10 ramp-up=1 delayedStart=false
2021-06-17 11:36:36,545 INFO o.a.j.t.JMeterThread: Thread started: tearDown Thread Group 1-1
2021-06-17 11:36:36,546 INFO o.a.j.t.JMeterThread: Thread is done: tearDown Thread Group 1-1
2021-06-17 11:36:36,546 INFO o.a.j.t.JMeterThread: Thread finished: tearDown Thread Group 1-1
2021-06-17 11:36:36,547 INFO o.a.j.t.ThreadGroup: Started thread group number 1
2021-06-17 11:36:36,646 INFO o.a.j.t.JMeterThread: Thread started: tearDown Thread Group 1-2
2021-06-17 11:36:36,646 INFO o.a.j.t.JMeterThread: Thread is done: tearDown Thread Group 1-2
2021-06-17 11:36:36,647 INFO o.a.j.t.JMeterThread: Thread finished: tearDown Thread Group 1-2
2021-06-17 11:36:36,747 INFO o.a.j.t.JMeterThread: Thread started: tearDown Thread Group 1-3
2021-06-17 11:36:36,748 INFO o.a.j.t.JMeterThread: Thread is done: tearDown Thread Group 1-3
2021-06-17 11:36:36,748 INFO o.a.j.t.JMeterThread: Thread finished: tearDown Thread Group 1-3
2021-06-17 11:36:36,849 INFO o.a.j.t.JMeterThread: Thread started: tearDown Thread Group 1-4
2021-06-17 11:36:36,850 INFO o.a.j.t.JMeterThread: Thread is done: tearDown Thread Group 1-4
2021-06-17 11:36:36,850 INFO o.a.j.t.JMeterThread: Thread finished: tearDown Thread Group 1-4
2021-06-17 11:36:36,946 INFO o.a.j.t.JMeterThread: Thread started: tearDown Thread Group 1-5
2021-06-17 11:36:36,946 INFO o.a.j.t.JMeterThread: Thread is done: tearDown Thread Group 1-5
2021-06-17 11:36:36,946 INFO o.a.j.t.JMeterThread: Thread finished: tearDown Thread Group 1-5
2021-06-17 11:36:37,048 INFO o.a.j.t.JMeterThread: Thread started: tearDown Thread Group 1-6
2021-06-17 11:36:37,048 INFO o.a.j.t.JMeterThread: Thread is done: tearDown Thread Group 1-6
2021-06-17 11:36:37,048 INFO o.a.j.t.JMeterThread: Thread finished: tearDown Thread Group 1-6
2021-06-17 11:36:37,150 INFO o.a.j.t.JMeterThread: Thread started: tearDown Thread Group 1-7
2021-06-17 11:36:37,150 INFO o.a.j.t.JMeterThread: Thread is done: tearDown Thread Group 1-7
2021-06-17 11:36:37,151 INFO o.a.j.t.JMeterThread: Thread finished: tearDown Thread Group 1-7
2021-06-17 11:36:37,249 INFO o.a.j.t.JMeterThread: Thread started: tearDown Thread Group 1-8
2021-06-17 11:36:37,250 INFO o.a.j.t.JMeterThread: Thread is done: tearDown Thread Group 1-8
2021-06-17 11:36:37,250 INFO o.a.j.t.JMeterThread: Thread finished: tearDown Thread Group 1-8
2021-06-17 11:36:37,346 INFO o.a.j.t.JMeterThread: Thread started: tearDown Thread Group 1-9
2021-06-17 11:36:37,346 INFO o.a.j.t.JMeterThread: Thread is done: tearDown Thread Group 1-9
2021-06-17 11:36:37,347 INFO o.a.j.t.JMeterThread: Thread finished: tearDown Thread Group 1-9
2021-06-17 11:36:37,448 INFO o.a.j.t.JMeterThread: Thread started: tearDown Thread Group 1-10
2021-06-17 11:36:37,449 INFO o.a.j.t.JMeterThread: Thread is done: tearDown Thread Group 1-10
2021-06-17 11:36:37,449 INFO o.a.j.t.JMeterThread: Thread finished: tearDown Thread Group 1-10
2021-06-17 11:36:37,450 INFO o.a.j.e.StandardJMeterEngine: Notifying test listeners of end of test
2021-06-17 11:36:37,450 INFO o.a.j.g.u.JMeterMenuBar: setRunning(false, *local*)
